Using pre-set license
Built from '2020.3/staging' branch; Version is '2020.3.8f1 (507919d4fff5) revision 5273881'; Using compiler version '192528614'; Build Type 'Release'
OS: 'Windows 10 Home; OS build 19043.1237; Version 2009; 64bit' Language: 'en' Physical Memory: 32715 MB
BatchMode: 1, IsHumanControllingUs: 0, StartBugReporterOnCrash: 0, Is64bit: 1, IsPro: 0

 COMMAND LINE ARGUMENTS:
C:\Program Files\Unity\Editor\2020.3.8f1\Editor\Unity.exe
-adb2
-batchMode
-noUpm
-name
AssetImportWorker0
-projectPath
C:/Users/ThefitzyG/Documents/projects/DissolvingSprites/DissolvingSprites/DissolvingSprites
-logFile
Logs/AssetImportWorker0.log
-srvPort
50112
Successfully changed project path to: C:/Users/ThefitzyG/Documents/projects/DissolvingSprites/DissolvingSprites/DissolvingSprites
C:/Users/ThefitzyG/Documents/projects/DissolvingSprites/DissolvingSprites/DissolvingSprites
Using Asset Import Pipeline V2.
Refreshing native plugins compatible for Editor in 31.87 ms, found 1 plugins.
Preloading 0 native plugins for Editor in 0.00 ms.
Initialize engine version: 2020.3.8f1 (507919d4fff5)
[Subsystems] Discovering subsystems at path C:/Program Files/Unity/Editor/2020.3.8f1/Editor/Data/Resources/UnitySubsystems
[Subsystems] Discovering subsystems at path C:/Users/ThefitzyG/Documents/projects/DissolvingSprites/DissolvingSprites/DissolvingSprites/Assets
GfxDevice: creating device client; threaded=0
Direct3D:
    Version:  Direct3D 11.0 [level 11.1]
    Renderer: NVIDIA GeForce RTX 3080 (ID=0x2206)
    Vendor:   
    VRAM:     10077 MB
    Driver:   30.0.14.7168
Initialize mono
Mono path[0] = 'C:/Program Files/Unity/Editor/2020.3.8f1/Editor/Data/Managed'
Mono path[1] = 'C:/Program Files/Unity/Editor/2020.3.8f1/Editor/Data/MonoBleedingEdge/lib/mono/unityjit'
Mono config path = 'C:/Program Files/Unity/Editor/2020.3.8f1/Editor/Data/MonoBleedingEdge/etc'
Using monoOptions --debugger-agent=transport=dt_socket,embedding=1,server=y,suspend=n,address=127.0.0.1:56292
Begin MonoManager ReloadAssembly
Registering precompiled unity dll's ...
Register platform support module: C:/Program Files/Unity/Editor/2020.3.8f1/Editor/Data/PlaybackEngines/WebGLSupport/UnityEditor.WebGL.Extensions.dll
Register platform support module: C:/Program Files/Unity/Editor/2020.3.8f1/Editor/Data/PlaybackEngines/WindowsStandaloneSupport/UnityEditor.WindowsStandalone.Extensions.dll
Registered in 0.002239 seconds.
Native extension for WindowsStandalone target not found
Native extension for WebGL target not found
Refreshing native plugins compatible for Editor in 32.48 ms, found 1 plugins.
Preloading 0 native plugins for Editor in 0.00 ms.
Mono: successfully reloaded assembly
- Completed reload, in  0.940 seconds
Platform modules already initialized, skipping
Registering precompiled user dll's ...
Registered in 0.000772 seconds.
Begin MonoManager ReloadAssembly
Native extension for WindowsStandalone target not found
Native extension for WebGL target not found
Refreshing native plugins compatible for Editor in 32.41 ms, found 1 plugins.
Preloading 0 native plugins for Editor in 0.00 ms.
Mono: successfully reloaded assembly
- Completed reload, in  0.772 seconds
Platform modules already initialized, skipping
========================================================================
Worker process is ready to serve import requests
Launched and connected shader compiler UnityShaderCompiler.exe after 0.04 seconds
Refreshing native plugins compatible for Editor in 0.41 ms, found 1 plugins.
Preloading 0 native plugins for Editor in 0.00 ms.
Unloading 1817 Unused Serialized files (Serialized files now loaded: 0)
System memory in use before: 85.7 MB.
System memory in use after: 85.7 MB.

Unloading 24 unused Assets to reduce memory usage. Loaded Objects now: 2259.
Total: 1.922400 ms (FindLiveObjects: 0.215500 ms CreateObjectMapping: 0.041500 ms MarkObjects: 1.540000 ms  DeleteObjects: 0.124400 ms)

========================================================================
Received Import Request.
  path: Assets/Scenes
  artifactKey: Guid(0590dcab328f66440b71e91d3c59990b) Importer(815301076,1909f56bfc062723c751e8b465ee728b)
Start importing Assets/Scenes using Guid(0590dcab328f66440b71e91d3c59990b) Importer(815301076,1909f56bfc062723c751e8b465ee728b)  -> (artifact id: '3f0efea423bfa2534ab2fd1ede8bd14a') in 0.009973 seconds
  Import took 0.012798 seconds .

========================================================================
Received Import Request.
  Time since last request: 0.000174 seconds.
  path: Assets/Scenes/SpriteDissolverExamples.unity
  artifactKey: Guid(0ec7927025c3d414bb3f98dc7374c695) Importer(815301076,1909f56bfc062723c751e8b465ee728b)
Start importing Assets/Scenes/SpriteDissolverExamples.unity using Guid(0ec7927025c3d414bb3f98dc7374c695) Importer(815301076,1909f56bfc062723c751e8b465ee728b)  -> (artifact id: '77dc40adccccc4bf9efd2a321e9bdf30') in 0.013584 seconds
  Import took 0.016178 seconds .

========================================================================
Received Import Request.
  Time since last request: 13.151692 seconds.
  path: Assets/Scenes/SampleScene.unity
  artifactKey: Guid(2cda990e2423bbf4892e6590ba056729) Importer(815301076,1909f56bfc062723c751e8b465ee728b)
Start importing Assets/Scenes/SampleScene.unity using Guid(2cda990e2423bbf4892e6590ba056729) Importer(815301076,1909f56bfc062723c751e8b465ee728b)  -> (artifact id: 'aa27944bdea339c97c39027c7eea529c') in 0.007702 seconds
  Import took 0.010592 seconds .

========================================================================
Received Prepare
Registering precompiled user dll's ...
Registered in 0.000849 seconds.
Begin MonoManager ReloadAssembly
Native extension for WindowsStandalone target not found
Native extension for WebGL target not found
Refreshing native plugins compatible for Editor in 0.42 ms, found 1 plugins.
Preloading 0 native plugins for Editor in 0.00 ms.
Mono: successfully reloaded assembly
- Completed reload, in  0.699 seconds
Platform modules already initialized, skipping
Refreshing native plugins compatible for Editor in 0.40 ms, found 1 plugins.
Preloading 0 native plugins for Editor in 0.00 ms.
Unloading 1812 Unused Serialized files (Serialized files now loaded: 0)
System memory in use before: 85.7 MB.
System memory in use after: 85.7 MB.

Unloading 12 unused Assets to reduce memory usage. Loaded Objects now: 2263.
Total: 1.847200 ms (FindLiveObjects: 0.209900 ms CreateObjectMapping: 0.040700 ms MarkObjects: 1.493700 ms  DeleteObjects: 0.102100 ms)

========================================================================
Received Import Request.
  Time since last request: 37.734569 seconds.
  path: Assets/Data/Sprites
  artifactKey: Guid(92e7fb1221b4fb54b9df8684171d421f) Importer(815301076,1909f56bfc062723c751e8b465ee728b)
Start importing Assets/Data/Sprites using Guid(92e7fb1221b4fb54b9df8684171d421f) Importer(815301076,1909f56bfc062723c751e8b465ee728b)  -> (artifact id: '89e46cf72c19cbd2f65a4b05ea155aed') in 0.011674 seconds
  Import took 0.014860 seconds .

========================================================================
Received Import Request.
  Time since last request: 8.406957 seconds.
  path: Assets/Data/Sprites/Interactables/BloodKey.png
  artifactKey: Guid(6586086276a7e6e488280ab4c3bd5412) Importer(815301076,1909f56bfc062723c751e8b465ee728b)
Start importing Assets/Data/Sprites/Interactables/BloodKey.png using Guid(6586086276a7e6e488280ab4c3bd5412) Importer(815301076,1909f56bfc062723c751e8b465ee728b)  -> (artifact id: 'c042966d4cd7f76f3de6b1dcf2fcd9a6') in 0.086894 seconds
  Import took 0.089844 seconds .

========================================================================
Received Import Request.
  Time since last request: 0.000193 seconds.
  path: Assets/Data/Sprites/Interactables/ConveyorBelt.png
  artifactKey: Guid(6c310f40792ae0c4488a1345f0e77cf0) Importer(815301076,1909f56bfc062723c751e8b465ee728b)
Start importing Assets/Data/Sprites/Interactables/ConveyorBelt.png using Guid(6c310f40792ae0c4488a1345f0e77cf0) Importer(815301076,1909f56bfc062723c751e8b465ee728b)  -> (artifact id: 'cc6af7c03abf73f7ceab5a5379847ab9') in 0.065202 seconds
  Import took 0.067831 seconds .

========================================================================
Received Import Request.
  Time since last request: 0.000163 seconds.
  path: Assets/Data/Sprites/Interactables/Heart.png
  artifactKey: Guid(03b5aab634ae29a46a4360de614f62d6) Importer(815301076,1909f56bfc062723c751e8b465ee728b)
Start importing Assets/Data/Sprites/Interactables/Heart.png using Guid(03b5aab634ae29a46a4360de614f62d6) Importer(815301076,1909f56bfc062723c751e8b465ee728b)  -> (artifact id: '677f87abcbdcee4bde02ec3030335313') in 0.020521 seconds
  Import took 0.023222 seconds .

========================================================================
Received Import Request.
  Time since last request: 20.110730 seconds.
  path: Packages/com.unity.2d.spriteshape/Editor/ObjectMenuCreation/DefaultAssets/Sprite Shapes/Closed Sprite Shape.prefab
  artifactKey: Guid(c0583b4e855c74b8c82e7b9b5efb5ce9) Importer(815301076,1909f56bfc062723c751e8b465ee728b)
Start importing Packages/com.unity.2d.spriteshape/Editor/ObjectMenuCreation/DefaultAssets/Sprite Shapes/Closed Sprite Shape.prefab using Guid(c0583b4e855c74b8c82e7b9b5efb5ce9) Importer(815301076,1909f56bfc062723c751e8b465ee728b)  -> (artifact id: '2cce7a24742fd5e8a8ab2da20c69032f') in 0.031697 seconds
  Import took 0.034880 seconds .

========================================================================
Received Import Request.
  Time since last request: 0.000274 seconds.
  path: Packages/com.unity.2d.spriteshape/Editor/ObjectMenuCreation/DefaultAssets/Sprite Shapes/Open Sprite Shape.prefab
  artifactKey: Guid(86ae7de409eb54f619fb1328e4d42480) Importer(815301076,1909f56bfc062723c751e8b465ee728b)
Start importing Packages/com.unity.2d.spriteshape/Editor/ObjectMenuCreation/DefaultAssets/Sprite Shapes/Open Sprite Shape.prefab using Guid(86ae7de409eb54f619fb1328e4d42480) Importer(815301076,1909f56bfc062723c751e8b465ee728b)  -> (artifact id: 'bdee885e51b9ccf0fcef3a7dbe274ecc') in 0.008552 seconds
  Import took 0.011629 seconds .

AssetImportWorkerClient::OnTransportError - code=2 error=End of file
